<?xml version="1.0" encoding="UTF-8"?>
<testng-results ignored="0" total="1" passed="1" failed="0" skipped="0">
  <reporter-output>
  </reporter-output>
  <suite started-at="2023-01-15T11:31:17 IST" name="Suite" finished-at="2023-01-15T11:31:44 IST" duration-ms="26538">
    <groups>
    </groups>
    <test started-at="2023-01-15T11:31:17 IST" name="Test" finished-at="2023-01-15T11:31:44 IST" duration-ms="26538">
      <class name="com.qa.testLayer.FlipCartPageTest">
        <test-method is-config="true" signature="start()[pri:0, instance:com.qa.testLayer.FlipCartPageTest@6d763516]" started-at="2023-01-15T11:31:17 IST" name="start" finished-at="2023-01-15T11:31:18 IST" duration-ms="564" status="PASS">
          <reporter-output>
          </reporter-output>
        </test-method> <!-- start -->
        <test-method is-config="true" signature="setUp()[pri:0, instance:com.qa.testLayer.FlipCartPageTest@6d763516]" started-at="2023-01-15T11:31:18 IST" name="setUp" finished-at="2023-01-15T11:31:34 IST" duration-ms="16578" status="PASS">
          <reporter-output>
          </reporter-output>
        </test-method> <!-- setUp -->
        <test-method signature="verifyFlipCart()[pri:0, instance:com.qa.testLayer.FlipCartPageTest@6d763516]" started-at="2023-01-15T11:31:34 IST" name="verifyFlipCart" finished-at="2023-01-15T11:31:42 IST" duration-ms="7549" status="PASS">
          <reporter-output>
          </reporter-output>
        </test-method> <!-- verifyFlipCart -->
        <test-method is-config="true" signature="tearDown()[pri:0, instance:com.qa.testLayer.FlipCartPageTest@6d763516]" started-at="2023-01-15T11:31:42 IST" name="tearDown" finished-at="2023-01-15T11:31:44 IST" duration-ms="1731" status="PASS">
          <reporter-output>
          </reporter-output>
        </test-method> <!-- tearDown -->
        <test-method is-config="true" signature="stop()[pri:0, instance:com.qa.testLayer.FlipCartPageTest@6d763516]" started-at="2023-01-15T11:31:44 IST" name="stop" finished-at="2023-01-15T11:31:44 IST" duration-ms="2" status="PASS">
          <reporter-output>
          </reporter-output>
        </test-method> <!-- stop -->
      </class> <!-- com.qa.testLayer.FlipCartPageTest -->
    </test> <!-- Test -->
  </suite> <!-- Suite -->
</testng-results>
